#reader(lib"read.ss""wxme")WXME0108 ## 
#|
   This file uses the GRacket editor format.
   Open this file in DrRacket version 6.2 or later to read it.

   Most likely, it was created by saving a program in DrRacket,
   and it probably contains a program with non-text elements
   (such as images or comment boxes).

            http://racket-lang.org/
|#
 32 7 #"wxtext\0"
3 1 6 #"wxtab\0"
1 1 8 #"wximage\0"
2 0 8 #"wxmedia\0"
4 1 34 #"(lib \"syntax-browser.ss\" \"mrlib\")\0"
1 0 16 #"drscheme:number\0"
3 0 44 #"(lib \"number-snip.ss\" \"drscheme\" \"private\")\0"
1 0 36 #"(lib \"comment-snip.ss\" \"framework\")\0"
1 0 93
(
 #"((lib \"collapsed-snipclass.ss\" \"framework\") (lib \"collapsed-sni"
 #"pclass-wxme.ss\" \"framework\"))\0"
) 0 0 43 #"(lib \"collapsed-snipclass.ss\" \"framework\")\0"
0 0 19 #"drscheme:sexp-snip\0"
0 0 36 #"(lib \"cache-image-snip.ss\" \"mrlib\")\0"
1 0 68
(
 #"((lib \"image-core.ss\" \"mrlib\") (lib \"image-core-wxme.rkt\" \"mr"
 #"lib\"))\0"
) 1 0 29 #"drscheme:bindings-snipclass%\0"
1 0 101
(
 #"((lib \"ellipsis-snip.rkt\" \"drracket\" \"private\") (lib \"ellipsi"
 #"s-snip-wxme.rkt\" \"drracket\" \"private\"))\0"
) 2 0 88
(
 #"((lib \"pict-snip.rkt\" \"drracket\" \"private\") (lib \"pict-snip.r"
 #"kt\" \"drracket\" \"private\"))\0"
) 0 0 34 #"(lib \"bullet-snip.rkt\" \"browser\")\0"
0 0 25 #"(lib \"matrix.ss\" \"htdp\")\0"
1 0 22 #"drscheme:lambda-snip%\0"
1 0 29 #"drclickable-string-snipclass\0"
0 0 26 #"drracket:spacer-snipclass\0"
0 0 57
#"(lib \"hrule-snip.rkt\" \"macro-debugger\" \"syntax-browser\")\0"
1 0 26 #"drscheme:pict-value-snip%\0"
0 0 45 #"(lib \"image-snipr.ss\" \"slideshow\" \"private\")\0"
1 0 38 #"(lib \"pict-snipclass.ss\" \"slideshow\")\0"
2 0 55 #"(lib \"vertical-separator-snip.ss\" \"stepper\" \"private\")\0"
1 0 18 #"drscheme:xml-snip\0"
1 0 31 #"(lib \"xml-snipclass.ss\" \"xml\")\0"
1 0 21 #"drscheme:scheme-snip\0"
2 0 34 #"(lib \"scheme-snipclass.ss\" \"xml\")\0"
1 0 10 #"text-box%\0"
1 0 32 #"(lib \"text-snipclass.ss\" \"xml\")\0"
1 0 1 6 #"wxloc\0"
          0 0 56 0 1 #"\0"
0 75 1 #"\0"
0 12 90 -1 90 -1 3 -1 0 1 0 1 0 0 0 0 0 0 0 0 0 0 0 255 255 255 1 -1 0 9
#"Standard\0"
0 75 10 #"Monospace\0"
0 12 90 -1 90 -1 3 -1 0 1 0 1 0 0 0 0 0 0 0 0 0 0 0 255 255 255 1 -1 2 1
#"\0"
0 -1 1 #"\0"
1 0 -1 -1 -1 -1 -1 -1 0 0 0 0 0 0 1 1 1 1 1 1 0 0 0 0 0 0 -1 -1 2 24
#"framework:default-color\0"
0 -1 1 #"\0"
1 0 -1 -1 -1 -1 -1 -1 0 0 0 0 0 1 0 0 0 0 0 0 0 0 0 255 255 255 -1 -1 2
1 #"\0"
0 -1 1 #"\0"
1 0 -1 -1 -1 -1 -1 -1 0 0 0 0 0 0 0 0 0 1 1 1 150 0 150 0 0 0 -1 -1 2 15
#"text:ports out\0"
0 -1 1 #"\0"
1 0 -1 92 -1 93 -1 -1 0 1 0 0 0 0 0 0 0 1 1 1 150 0 150 0 0 0 -1 -1 2 1
#"\0"
0 -1 1 #"\0"
1.0 0 -1 -1 93 -1 -1 -1 0 0 0 0 0 0 0 0 0 1.0 1.0 1.0 255 0 0 0 0 0 -1
-1 2 15 #"text:ports err\0"
0 -1 1 #"\0"
1 0 -1 92 93 -1 -1 -1 0 1 0 0 0 0 0 0 0 1 1 1 255 0 0 0 0 0 -1 -1 2 1
#"\0"
0 -1 1 #"\0"
1 0 -1 -1 -1 -1 -1 -1 0 0 0 0 0 0 0 0 0 1 1 1 0 0 175 0 0 0 -1 -1 2 17
#"text:ports value\0"
0 -1 1 #"\0"
1 0 -1 92 -1 93 -1 -1 0 1 0 0 0 0 0 0 0 1 1 1 0 0 175 0 0 0 -1 -1 2 1
#"\0"
0 -1 1 #"\0"
1.0 0 92 -1 -1 -1 -1 -1 0 0 0 0 0 0 0 0 0 1.0 1.0 1.0 34 139 34 0 0 0 -1
-1 2 27 #"Matching Parenthesis Style\0"
0 -1 1 #"\0"
1.0 0 92 -1 -1 -1 -1 -1 0 0 0 0 0 0 0 0 0 1.0 1.0 1.0 34 139 34 0 0 0 -1
-1 2 1 #"\0"
0 -1 1 #"\0"
1 0 -1 92 -1 93 -1 -1 0 1 0 0 0 0 0 0 0 1 1 1 38 38 128 0 0 0 -1 -1 2 37
#"framework:syntax-color:scheme:symbol\0"
0 -1 1 #"\0"
1 0 -1 92 -1 93 -1 -1 0 1 0 0 0 0 0 0 0 1 1 1 38 38 128 0 0 0 -1 -1 2 38
#"framework:syntax-color:scheme:keyword\0"
0 -1 1 #"\0"
1 0 -1 92 -1 93 -1 -1 0 1 0 0 0 0 0 0 0 1 1 1 38 38 128 0 0 0 -1 -1 2 1
#"\0"
0 -1 1 #"\0"
1 0 -1 92 -1 93 -1 -1 0 1 0 0 0 0 0 0 0 1 1 1 194 116 31 0 0 0 -1 -1 2
38 #"framework:syntax-color:scheme:comment\0"
0 -1 1 #"\0"
1 0 -1 92 -1 93 -1 -1 0 1 0 0 0 0 0 0 0 1 1 1 194 116 31 0 0 0 -1 -1 2 1
#"\0"
0 -1 1 #"\0"
1 0 -1 92 -1 93 -1 -1 0 1 0 0 0 0 0 0 0 1 1 1 41 128 38 0 0 0 -1 -1 2 37
#"framework:syntax-color:scheme:string\0"
0 -1 1 #"\0"
1 0 -1 92 -1 93 -1 -1 0 1 0 0 0 0 0 0 0 1 1 1 41 128 38 0 0 0 -1 -1 2 35
#"framework:syntax-color:scheme:text\0"
0 -1 1 #"\0"
1 0 -1 92 -1 93 -1 -1 0 1 0 0 0 0 0 0 0 1 1 1 41 128 38 0 0 0 -1 -1 2 39
#"framework:syntax-color:scheme:constant\0"
0 -1 1 #"\0"
1 0 -1 92 -1 93 -1 -1 0 1 0 0 0 0 0 0 0 1 1 1 41 128 38 0 0 0 -1 -1 2 1
#"\0"
0 -1 1 #"\0"
1 0 -1 92 -1 93 -1 -1 0 1 0 0 0 0 0 0 0 1 1 1 132 60 36 0 0 0 -1 -1 2 49
#"framework:syntax-color:scheme:hash-colon-keyword\0"
0 -1 1 #"\0"
1 0 -1 92 -1 93 -1 -1 0 1 0 0 0 0 0 0 0 1 1 1 132 60 36 0 0 0 -1 -1 2 42
#"framework:syntax-color:scheme:parenthesis\0"
0 -1 1 #"\0"
1 0 -1 92 -1 93 -1 -1 0 1 0 0 0 0 0 0 0 1 1 1 132 60 36 0 0 0 -1 -1 2 1
#"\0"
0 -1 1 #"\0"
1 0 -1 92 -1 93 -1 -1 0 1 0 0 0 0 0 0 0 1 1 1 255 0 0 0 0 0 -1 -1 2 36
#"framework:syntax-color:scheme:error\0"
0 -1 1 #"\0"
1 0 -1 92 -1 93 -1 -1 0 1 0 0 0 0 0 0 0 1 1 1 255 0 0 0 0 0 -1 -1 2 1
#"\0"
0 -1 1 #"\0"
1 0 -1 92 -1 93 -1 -1 0 1 0 0 0 0 0 0 0 1 1 1 0 0 0 0 0 0 -1 -1 2 36
#"framework:syntax-color:scheme:other\0"
0 -1 1 #"\0"
1 0 -1 92 -1 93 -1 -1 0 1 0 0 0 0 0 0 0 1 1 1 0 0 0 0 0 0 -1 -1 2 16
#"Misspelled Text\0"
0 -1 1 #"\0"
1 0 -1 -1 -1 -1 -1 -1 0 0 0 0 0 0 0 0 0 1 1 1 0 0 0 0 0 0 -1 -1 2 1
#"\0"
0 -1 1 #"\0"
1 0 -1 92 -1 93 -1 -1 0 1 0 0 0 0 0 0 0 1 1 1 81 112 203 0 0 0 -1 -1 2
38 #"drracket:check-syntax:lexically-bound\0"
0 -1 1 #"\0"
1 0 -1 92 -1 93 -1 -1 0 1 0 0 0 0 0 0 0 1 1 1 81 112 203 0 0 0 -1 -1 2 1
#"\0"
0 -1 1 #"\0"
1 0 -1 92 -1 93 -1 -1 0 1 0 0 0 0 0 0 0 1 1 1 178 34 34 0 0 0 -1 -1 2 28
#"drracket:check-syntax:set!d\0"
0 -1 1 #"\0"
1 0 -1 92 -1 93 -1 -1 0 1 0 0 0 0 0 0 0 1 1 1 178 34 34 0 0 0 -1 -1 2 37
#"drracket:check-syntax:unused-require\0"
0 -1 1 #"\0"
1 0 -1 92 -1 93 -1 -1 0 1 0 0 0 0 0 0 0 1 1 1 255 0 0 0 0 0 -1 -1 2 36
#"drracket:check-syntax:free-variable\0"
0 -1 1 #"\0"
1 0 -1 92 -1 93 -1 -1 0 1 0 0 0 0 0 0 0 1 1 1 255 0 0 0 0 0 -1 -1 2 1
#"\0"
0 -1 1 #"\0"
1 0 -1 92 -1 93 -1 -1 0 1 0 0 0 0 0 0 0 1 1 1 68 0 203 0 0 0 -1 -1 2 31
#"drracket:check-syntax:imported\0"
0 -1 1 #"\0"
1 0 -1 92 -1 93 -1 -1 0 1 0 0 0 0 0 0 0 1 1 1 68 0 203 0 0 0 -1 -1 2 47
#"drracket:check-syntax:my-obligation-style-pref\0"
0 -1 1 #"\0"
1 0 -1 92 -1 93 -1 -1 0 1 0 0 0 0 0 0 0 1 1 1 178 34 34 0 0 0 -1 -1 2 1
#"\0"
0 -1 1 #"\0"
1 0 -1 92 -1 93 -1 -1 0 1 0 0 0 0 0 0 0 1 1 1 0 116 0 0 0 0 -1 -1 2 50
#"drracket:check-syntax:their-obligation-style-pref\0"
0 -1 1 #"\0"
1 0 -1 92 -1 93 -1 -1 0 1 0 0 0 0 0 0 0 1 1 1 0 116 0 0 0 0 -1 -1 2 48
#"drracket:check-syntax:unk-obligation-style-pref\0"
0 -1 1 #"\0"
1 0 -1 92 -1 93 -1 -1 0 1 0 0 0 0 0 0 0 1 1 1 0 0 0 0 0 0 -1 -1 2 1
#"\0"
0 -1 1 #"\0"
1 0 -1 92 -1 93 -1 -1 0 1 0 0 0 0 0 0 0 1 1 1 139 142 28 0 0 0 -1 -1 2
49 #"drracket:check-syntax:both-obligation-style-pref\0"
0 -1 1 #"\0"
1 0 -1 92 -1 93 -1 -1 0 1 0 0 0 0 0 0 0 1 1 1 139 142 28 0 0 0 -1 -1 2
26 #"plt:htdp:test-coverage-on\0"
0 -1 1 #"\0"
1 0 -1 92 -1 93 -1 -1 0 1 0 0 0 0 0 0 0 1 1 1 0 0 0 0 0 0 -1 -1 2 1
#"\0"
0 -1 1 #"\0"
1 0 -1 92 -1 93 -1 -1 0 1 0 0 0 1 0 0 0 0 0 0 255 165 0 0 0 0 -1 -1 2 27
#"plt:htdp:test-coverage-off\0"
0 -1 1 #"\0"
1 0 -1 92 -1 93 -1 -1 0 1 0 0 0 1 0 0 0 0 0 0 255 165 0 0 0 0 -1 -1 4 1
#"\0"
0 70 1 #"\0"
1.0 0 -1 -1 -1 -1 -1 -1 0 0 0 0 0 0 1.0 1.0 1.0 1.0 1.0 1.0 0 0 0 0 0 0
-1 -1 4 4 #"XML\0"
0 70 1 #"\0"
1.0 0 -1 -1 -1 -1 -1 -1 0 0 0 0 0 0 1.0 1.0 1.0 1.0 1.0 1.0 0 0 0 0 0 0
-1 -1 2 37 #"plt:module-language:test-coverage-on\0"
0 -1 1 #"\0"
1 0 -1 92 -1 93 -1 -1 0 1 0 0 0 0 0 0 0 1 1 1 0 0 0 0 0 0 -1 -1 2 38
#"plt:module-language:test-coverage-off\0"
0 -1 1 #"\0"
1 0 -1 92 -1 93 -1 -1 0 1 0 0 0 1 0 0 0 0 0 0 255 165 0 0 0 0 -1 -1 4 1
#"\0"
0 71 1 #"\0"
1.0 0 -1 -1 -1 -1 -1 -1 0 0 0 0 0 0 1.0 1.0 1.0 1.0 1.0 1.0 0 0 0 0 0 0
-1 -1 4 1 #"\0"
0 -1 1 #"\0"
1.0 0 -1 -1 -1 -1 -1 -1 1 0 0 0 0 0 0 0 0 1.0 1.0 1.0 0 0 255 0 0 0 -1
-1 4 1 #"\0"
0 71 1 #"\0"
1.0 0 -1 -1 -1 -1 -1 -1 1 0 0 0 0 0 0 0 0 1.0 1.0 1.0 0 0 255 0 0 0 -1
-1 4 1 #"\0"
0 71 1 #"\0"
1.0 0 -1 -1 -1 -1 -1 -1 0 0 0 0 0 0 0 0 0 1.0 1.0 1.0 0 100 0 0 0 0 -1
-1 2 1 #"\0"
0 -1 1 #"\0"
1 0 -1 -1 -1 -1 -1 -1 0 0 0 0 0 0 0 0 0 1 1 1 200 0 0 0 0 0 -1 -1
          0 406 0 14 3 7 #"Welcome"
0 0 24 3 1 #" "
0 0 14 3 2 #"to"
0 0 24 3 1 #" "
0 0 14 3 8 #"DrRacket"
0 0 28 3 1 #","
0 0 24 3 1 #" "
0 0 14 3 7 #"version"
0 0 24 3 1 #" "
0 0 21 3 3 #"6.2"
0 0 24 3 2 #" ["
0 0 14 3 2 #"3m"
0 0 24 3 1 #"]"
0 0 28 3 1 #"."
0 0 24 29 1 #"\n"
0 0 14 3 9 #"Language:"
0 0 24 3 1 #" "
0 0 14 3 6 #"Pretty"
0 0 24 3 1 #" "
0 0 14 3 3 #"Big"
0 0 24 3 2 #" ["
0 0 14 3 6 #"custom"
0 0 24 3 1 #"]"
0 0 17 3 16 #"; memory limit: "
0 0 17 3 7 #"128 MB."
0 0 24 29 1 #"\n"
0 0 14 3 1 #">"
0 0 24 3 2 #" ("
0 0 14 3 12 #"deep-reverse"
0 0 24 3 1 #" "
0 0 14 3 1 #"l"
0 0 24 3 1 #")"
0 0 24 29 1 #"\n"
0 0 24 3 1 #"("
0 0 21 3 1 #"8"
0 0 24 3 3 #" (("
0 0 21 3 1 #"7"
0 0 24 3 7 #") () (("
0 0 21 3 1 #"6"
0 0 24 3 2 #") "
0 0 21 3 1 #"5"
0 0 24 3 3 #") ("
0 0 21 3 1 #"4"
0 0 24 3 2 #" ("
0 0 21 3 1 #"3"
0 0 24 3 6 #"))) (("
0 0 21 3 1 #"2"
0 0 24 3 2 #") "
0 0 21 3 1 #"1"
0 0 24 3 2 #"))"
0 0 24 29 1 #"\n"
0 0 14 3 1 #">"
0 0 24 3 3 #" (("
0 0 15 3 6 #"lambda"
0 0 24 3 1 #" "
0 0 14 3 1 #"l"
0 0 24 3 2 #" ("
0 0 14 3 7 #"reverse"
0 0 24 3 1 #" "
0 0 14 3 1 #"l"
0 0 24 3 3 #")) "
0 0 21 3 1 #"1"
0 0 24 3 1 #" "
0 0 21 3 1 #"2"
0 0 24 3 1 #" "
0 0 21 3 1 #"3"
0 0 24 3 1 #" "
0 0 21 3 1 #"4"
0 0 24 3 1 #" "
0 0 21 3 1 #"6"
0 0 24 3 1 #" "
0 0 21 3 1 #"7"
0 0 24 3 1 #" "
0 0 21 3 1 #"8"
0 0 24 3 1 #")"
0 0 24 29 1 #"\n"
0 0 24 3 1 #"("
0 0 21 3 1 #"8"
0 0 24 3 1 #" "
0 0 21 3 1 #"7"
0 0 24 3 1 #" "
0 0 21 3 1 #"6"
0 0 24 3 1 #" "
0 0 21 3 1 #"4"
0 0 24 3 1 #" "
0 0 21 3 1 #"3"
0 0 24 3 1 #" "
0 0 21 3 1 #"2"
0 0 24 3 1 #" "
0 0 21 3 1 #"1"
0 0 24 3 1 #")"
0 0 24 29 1 #"\n"
0 0 14 3 1 #">"
0 0 24 3 3 #" (("
0 0 15 3 6 #"lambda"
0 0 24 3 2 #" ("
0 0 14 3 1 #"l"
0 0 24 3 3 #") ("
0 0 14 3 7 #"reverse"
0 0 24 3 1 #" "
0 0 14 3 1 #"l"
0 0 24 3 3 #")) "
0 0 21 3 1 #"'"
0 0 24 3 1 #"("
0 0 21 3 1 #"1"
0 0 24 3 1 #" "
0 0 21 3 1 #"2"
0 0 24 3 1 #" "
0 0 21 3 1 #"3"
0 0 24 3 1 #" "
0 0 21 3 1 #"4"
0 0 24 3 1 #" "
0 0 21 3 1 #"5"
0 0 24 3 1 #" "
0 0 21 3 1 #"6"
0 0 24 3 1 #" "
0 0 21 3 1 #"7"
0 0 24 3 1 #" "
0 0 21 3 1 #"8"
0 0 24 3 2 #"))"
0 0 24 29 1 #"\n"
0 0 24 3 1 #"("
0 0 21 3 1 #"8"
0 0 24 3 1 #" "
0 0 21 3 1 #"7"
0 0 24 3 1 #" "
0 0 21 3 1 #"6"
0 0 24 3 1 #" "
0 0 21 3 1 #"5"
0 0 24 3 1 #" "
0 0 21 3 1 #"4"
0 0 24 3 1 #" "
0 0 21 3 1 #"3"
0 0 24 3 1 #" "
0 0 21 3 1 #"2"
0 0 24 3 1 #" "
0 0 21 3 1 #"1"
0 0 24 3 1 #")"
0 0 24 29 1 #"\n"
0 0 14 3 1 #">"
0 0 24 3 2 #" ("
0 0 14 3 3 #"max"
0 0 24 3 1 #" "
0 0 21 3 1 #"1"
0 0 24 3 1 #" "
0 0 21 3 1 #"5"
0 0 24 3 1 #")"
0 0 24 29 1 #"\n"
0 0 21 3 1 #"5"
0 0 24 29 1 #"\n"
0 0 14 3 1 #">"
0 0 24 3 1 #" "
0 0 14 3 7 #"maximum"
0 0 24 29 1 #"\n"
0 2          26 4 1 #"\0"
4 -1.0 -1.0 0.0 0.0 0           7 2.0 500
(
 #"\211PNG\r\n\32\n\0\0\0\rIHDR\0\0\0,\0\0\0000\b"
 #"\6\0\0\0j\220\230\341\0\0\v\217IDATh\201\315\232{pT\327}"
 #"\200\277s\367\356{W\222%\361\24\257"
 #"\200\261\211y:\236x\306\30\214A2\230\227\301X`\241\16$\3238\330\30;"
 #"I\323I\247\323L\307\235\222\2463\371\253ng\\:N2\251;Mm\f\306"
 #"\201\24\210x*\3300\216\301\1c\e"
 #"\20\356\202\204\336+\255V\373\276w\357"
 #"=\247\177\354\256,\204\36V\254N\371"
 #"\315\234\31\255\356\357\334\363\351w\317\375"
 #"\356\271g%\224R\f\27[\374\256\207"
 #"\2\16\375\264\337\351\n8\235N\204\20\303\346+\245\310f\263$\263f\"a["
 #"\217\357M\232\27\206\3550\312\20\303\1"
 #"W\373]\17:\205\343\364\346\322\342\340\246o\177K0w.\270\335\240\t@@"
 #"\1^)@\201T`\30\360\351\247\374\346\337\337P{#\321D\326\26U{S"
 #"\251?\374\237\3\27`\237.)\nn\331R-\2309\23<\36\320\264|\317\1"
 #"\225.\234G\312\34\364\215\e\354\337\373"
 #"\266\332\337\323\233\260\306\20zP\340\2"
 #"\354\206\222`\260\346\351\215\202\212\n\320"
 #"\365\34\254C\317Wx\220\220\nl+\amY\320\326\306\333\357\34P\a\242\261"
 #"1\203\276\3\270\0\373Tq0\270u"
 #"\375Z\301\270\361\320\23A\266\266\241\225"
 #"\227\303\244I\340\367\201\320\240\300\255\0"
 #"%!\225\202\266vd\270\23m\322d(-\205\356.\366\36<\244\336\355\215\217"
 #"\t\2646\30\354\372\242@p\353\352U"
 #"\202\342b\350\354\344\227W\32\330=\357A^\273\3669\204B\320\23\205L&w"
 #"\351\r#\367s4\n\241\e\354\271\322"
 #"\300\356\271\337\340\347\327\256CG\a\4\203lY\375\244\330P\24\bh"
 #"\16u|\213\317\367\360\230\0\27`\327\25\371\203\265OT\t\2\1\350\f"
) 500
(
 #"\363oM-x^x\211W\376~7\223\377\372ox\265\243\vn\336\204\336("
 #"d\214\\\353\355\205\e7\371\227\326N"
 #"\312~\370#^\331\275\233\300\316\227\371"
 #"\327\3466\350\f\203?\300\263+\237\30"
 #"\23h\241\224\242\332\357zP\27\216\323"
 #"k\203\376\340\266\25\217\347*\e\213\363"
 #"zk;\201\235/\263u\363\346\276\16"
 #"\357\34:D\353\317\376\221\357\224\225\340"
 #"\2356\25\20\230\315\315\274\36\2160\341"
 #"/\377\212\352\215\e\373r\337\334\267\217"
 #"\370k\377\314w'M\200\342\"\210\305"
 #"\370\365\311S\352`<\231\220\177\342\364"
 #"\20O\371\234\17z\205\343\364\232\200/"
 #"\270}\331RAQ\21V\244\207=\361\24\245\317=O\355\226-wt\332w\360"
 #"7|\366\323\237\320r\365\n.\207\316h\374lK\311\\\247C\235Ig\22\206"
 #"-\252\16\214\22Z\254\364\272\22\233\3"
 #"~\337sK\26\347*\v\374\374f\23"
 #"\356\347w\261\255\246f\310\216\333\307\225"
 #"\261\321\353b\323\267\2673J?s\260"
 #"7\301\3\272C\325\245\322\251\337\245\214"
 #"\300h\200\365\260\255\374\353\347\347\aT"
 #"\n\2\1\232\37Y\302\266\25+\6\355 m\213\35\323\247\261\316\353dS\365&"
 #"\30?\36\342qH&\363%\30\306\317\23&\260as5\326\336\267\371moB"
 #"\304$\376\321\300\2h\26\212\317B!0M\310f\301\343\346\a~\17G\366\355"
 #"\2431\22\271-9\223J\261c\3724"
 #"\252\204d\313\206\247r\260\231\f\304b"
 #"\20O\344\240\23\211\333[2\231;\26"
 #"\213A:\r\345\345<\363\364F\326\24"
 #"\371\231\246k\214\366\6\324\24\220\265%"
 #"\361X\f;\36\207\256nJ\262\6\e\"a\16\275\371&\rmm\0tuv"
 #"\260k\366,*\261\251Y\273\32J\356\201\346f\344\331sp\365\32D\"9"
 #"\240\214\321OwF\356w=\21\270\326\200<{\26n5CQ1\233\327\257c"
) 500
(
 #"SI\20}\224\326\20\363\\\272\372\331"
 #"\3702\346\214\37\207\327\355\306\351tR"
 #"6i\22\314\276\227\210\333\317\257K\313"
 #"y`\366l\376c\3736\236\320\24\265\253WAY\31D{\371\345\347!n="
 #"\372\30\343\352O\361\342\264\n\2302\5"
 #"|\276/\236\204RA:\5\315-\354\271y\213\216e+\2508w\206\347f\316"
 #"\200{J \22\341\255\303G\324\201X\342K[C\3\260\225\"m\30$\322)"
 #"b\211\4M\241\20\306\371\v\224&c\314\273\364G~Q\363,\225BR[U"
 #"\311\377\267\237\305<\227\256\376\241\374\36"
 #"\246\27\5q\352:\232&\320\204\206C"
 #"\323\210\n\301k\241&\36\3678\331\266\342q\356\6?\213\271N]\355./a"
 #"Z0\200\356p\340\3204\204\20\264\231&o\264vR\345\367\260}\331R\356\26"
 #"?\213\271N]\375]Y1S\374>\234\16\aZ\36\370o\e[\330\340\367\362"
 #"\334\222\305\334M~\326!7\207-)"
 #"A\b4\245\260\244\242\305\262\271\e\375"
 #"\234\273\351\310\1[\266$mYt\232"
 #"\6w\253\2375\5\230R\221\225\222\254"
 #"\2641l\233\313\23&s\267\372Y\263"
 #"\201\306\254E4k\221\225\n\217\256\23{\3641\nS\245+\22!\334\325E\367"
 #"\215\ep\365*S\215$\265\2210u\a\336\341\344\261:~\264p\1\225\330l"
 #"}r%c\265~~v\365\223\f\245:\315T*y4m\250\313\31\203^\313"
 #"\302\245\353\254\n\267\365\1\337m~v"
 #"\214s\350\207#\266\254\rK\351\n\200\b\0\323\222q\366wEX\341\363\20t"
 #"9\1\201T\22[J\22\251\0247B!~\361\3369\252\334z\316\317\301 \364"
 #"Dy\275\271\225\340\216\235\324\346\375<g\366lZKJ9q\344\b\3633i"
 #"\234\0367\30\6fc#{\332\303L\374\301\17"
 #"\331\234\367\363\274\a\36\340\177\334^\316\35?\306C"
) 500
(
 #"\232\200@\200\371\223'\t\263\265\305\325"
 #"\2205k\366\376\344\247'6\377\370\307"
 #"-B)\305}.\327\242\264\224\365\25"
 #"\272\26\254\364\272\3057\374^^\351\354"
 #"a,\375\334\370\352?\2612\322\211&\4u%\345L~\351e\236\335\364\314\35"
 #"\271\377\265o\37\341\327\367\360\274\317\215"
 #"\273\274\f\342q\376\263\376\367\352P\""
 #"\2250lQ\245\0014\230\346E\257\246-k\261d\374D\332P\27\222\351\276)"
 #"\221\265m,\333&\233o\2576\267\363"
 #"\230\327\315\366\305\217\200\317\17\226\315\257"
 #"\"Q\212\377\374\273\203\302\2T?\265"
 #"\201\212]/S\347/\242\316\353g\374\316\27\a\205\5\330Z]M\351wv\360"
 #"\253\3368X6\370|\374\331\342GD\225\327\eHa\237\324\v\211\r\246y\361"
 #">\227kY\213%\353O\244\215  "
 #"\306\302\317\205\250\331\264\211\17g\315B"
 #")\305\303\213\26\r\233\273x\371r\336\270x\21b]9\5\272\334\254\233?W"
 #"\274\366\336\a\376\333\336\232\v\225n\265"
 #"d\34\276\272\237\a\3067\27.\34\21"
 #"\266\261\247\207\303\373\367\263\313\347\2\217"
 #";7\206ir%\24\302B\335\376\232"
 #"\337\37\372\253\372\371O\211\353\355\355\374"
 #"\366\255\267X\323\325\3168\231\205\356\bv<N<\26#kK\24\334\t\\\200"
 #"\376*~\276\332\322BTJ\f\300\4\262\2005\240e\363\307\f *%\327Z"
 #"[\251;p\200\255\335\35\3144\323p"
 #"\365*\335\241\20\341\256.\272\"\21\354"
 #"\374\243\\\277\2036\37y?\373l\20"
 #"\363\205\240\310\353aU\270\215\243|\341"
 #"g[\3328\f\a\311P\210\t\275\275"
 #"\224.Z\304J\303\340\350\273\357\262t"
 #"\325*&L\234\210\346p\364m\20\335\276\370\311m\30I)\351lo\347L]"
 #"\35+Z\232(\265M\214\213\27\351\350\356\306\266mli"
 #"cf\255\221\201u\241-i\266d}]\332\b*\20\16"
) 500
(
 #"Mc\366\247\227\1\220y{ \4\232&\321l\233\346\216\16\202g\316p\337\242"
 #"\205\304\272\302\234u8XS]\215\323\345\32v\32d\263Y\316\236<\3117?"
 #"\376\210\271\16A\370\322%b\311$\266"
 #"\224H%\22127\226\34\t\270\2775\216\245\215\240\4\241P(\325oug\333"
 #"8\224\206\20\271\317\211h\224k\307\216\363Q\371\4J\226.Gh\32#\355?"
 #"\v!\b\4\3\234\373\344\23\314\316v"
 #"\212u\35\247\303\201R\n\245\24\266\224"
 #"XRb\253\334\330\203\316\341\376\320_"
 #"\326\317I\303\244-\221\344\364\370\311\224"
 #"\354\372\36\317\324\326\342\3507\360P\315"
 #"\341p\260\251f+e\273\276\317\251\t\25\264&S$\r\263\357\274\2051\nS"
 #"bX\340\301\240\v\300\226\2249\203\3306)3KG&\315\207\343'2\365\205"
 #"\27\371Vm-=\275\275H)G\4\226R\322\323\333\313\366\232\32f\274\360\""
 #"\347\307O\244=\223&i\346\241\373U"
 #"\370K\1\367\207\36\316\317\347\247~\215"
 #"\212\227\276O\345\272u4E\243\330\266"
 #"\235\233\16\303M\211\302e\267m\32{zX\276f\r\25\337\373\v>\2346\223"
 #"\260i\222\266,,;\17\314(\200\373"
 #"C\17\345\347\251;^\240r\375\372\334"
 #"\235]\200%\277u\234\257\244\221\311\220"
 #"\311d\276\250|\37w\356\270\224\222\312"
 #"\265k\231\361\374N.M\254\300\260m\2622WeS\252\241=<\34\364P~"
 #"\236\263p!V6\333\aC\277\313n\3336\335\3410G\366\357\347\360\276}t"
 #"\205\303}\177T\377\\)%V6\313\234\5\vH<\272\24\217\256\223\225\212^"
 #"\313\2421ka\217\26\30\372\374|\307"
 #"\372\371\203S\247\210\305b\267\201\24`"
 #"\23\3618g\216\35c\351\265O\251l\270\302\357\217\36\315=)\a\311"
 #"\215\307\343|P_\317\212\2166\\\272N\257eq9mp4m(S"
) 500
(
 #"\251\344\220Z\e*\206\362\363l\315\301I\24\217V=Aiy9\232\246\241\244"
 #"$\322\335\315\373\307\2161\351\275z\312n\335\4`Jk+'\224b\311\312\225"
 #"\224\226\227#\204@\346s\317\2368\316"
 #"\254\363\177`\352\225O\270\236Lq9"
 #"\235\341X\332P\267,\231\360kZ\345"
 #"\250\201\207\362\363\254K\37!\23q\336W\260|\355Z|~?\351t\232\367\352"
 #"\352\230x\370 \363\332[iJ\245@\301\327\223I\254x\2143@\345\272ux"
 #"}>R\251\24g\217\37g\326\351\23"
 #"\314\b]\247\241;\302\37\223)\216\367"
 #"\203\275f\232\37\216\32x \364\211|\245m\325\315L[\22\265,N\2\v\36"
 #"~\230\313\347\317\343\371\357\203\334\337\322"
 #"Dg*\215)m\0\314\270\315\375v"
 #"\23\361\303\2078Q\310\275p\236\222\343"
 #"\277\243\342\306\3474\364D\271\230Jsr\0,\214\360\305\342HQxS\231\254"
 #"k\301\345\36\267X\350s3\243\270\230\246\3513\2710g.\367\177\374\21_o"
 #"\271E,\235!+\355>\303\t\1NM#\350\365r}\362\24>[\370\20\213"
 #"\256}\306\327\32C4F{\271\224\312p*c\250\346\1\260_\31x \3642"
 #"\217K,\360\270\231\36\bP\36\360\323\235H\320\2231\310J9h_\247&("
 #"\361x(\17\4\350N&iL$\3718\235\241>c\16\n;&\300\3\241\227"
 #"z\\b\216\313I0\277J\ey-\1\nA\302\266\271jf93\f\354\230"
 #"\1\367\207\236\244k\301\305n\227\270\327"
 #"\351\300\253i}\336\34\270%X\30U\2i)\tem\3367L\3252\f\354"
 #"\230\2\367\207\236\250k\301\205N]\224:4\34\375\a\e\0\v`\3\21[\362"
 #"q\326R\255#\300\21690\300\275.\327CR\311z\r\374#\354"
 #"\264\366\205R !\251\tm\331\347\346\360\377\256\360\277\331wT\355"
) 16 #"p\252\326\202\0\0\0\0IEND\256B`\202"
0 0 24 3 1 #" "
0 2          28 4 1 #"\0"
4 -1.0 -1.0 0.0 0.0 0           8 2.0 500
(
 #"\211PNG\r\n\32\n\0\0\0\rIHDR\0\0\0000\0\0\0000\b"
 #"\6\0\0\0W\2\371\207\0\0\16\375IDATh\201\265\232yp\34\325\235"
 #"\307?\257\273\347\326-\333\362!i$"
 #"\371\2\203\301\370\340p\2621\306`\343"
 #"s\23\216\20L\376\330\204\335d\331\315"
 #"\201\251J\202\355\260\305\246X\314\22\260"
 #"\213b\263\246R\241\222*\330TX\330"
 #"\260\345\361%|\200q\210\211/d\260\354\30K>\344S\347\214f4W_o"
 #"\377\350\236\321X\226l\211l~\252\326"
 #"\e\315L\277\376~\336\357\367{\375~"
 #"\257%\244\224\214\324\36)\362\257\n*"
 #"\352\372\240\246\241\252\n \20\3\2774"
 #"\360\r9\330\237\22\333\226$\r\203\224m=\365V_f\303H\265\210\221\2<"
 #"P\344_\245!\326\317.-\226?\376\306#\202\2521\340\361\200P@\21\216r"
 #"AA\233S+\373[[\202\264\3014"
 #"\241\247\207\237\277\361_\34\210%0\261"
 #"\237\372\375\b!F\4\360`\221\377I\5\261\341\366\322b\371\243o\177K0e"
 #"\22\4\202\240( \204{\270\342\v\232"
 #"\376\321w!\244t\16\333\206l\26\332"
 #"\332\330\360\213\327\330\27\213c#W\277"
 #"\323\227~\341\377\35 '~vI\221\374\3117\37\23\204k\300\353sD\303\325"
 #"\355P\226\273^ak\232p\3712\353\177\365k\366\365\306\2210l\210a\1\344"
 #"\304\317*.\222O\257|D0a\202\0236\371^\206)~(\b\0\313\202\316"
 #"N^\376\315\e|<\2\210\353\2\364"
 #"\213\17\311\247\277\376\260`\3748\320\264"
 #"!\204\213\253\223\367*\361\371_W\203"
 #"\3306tu\361\322\e\277\345O\361\304\260 \256\t\220\23?\263($W?\364"
 #"\200`lU\277\370\234\353\1\24\25"
 #"4\325\311\205\341\230\244?\211-\313\31\0\325=\337\266"
 #"\241\273\207\237\377\366-\366'\256\0171$@N\374mE"
) 500
(
 #"A\271\346k_uf\eUu>\264m\210F\371d\347.\342\231\f\363f\317"
 #"\206p\30\212\213\335\204\276\206p\334\344"
 #"\355\353\203\263m\3549p\200b\237\217"
 #"\231\367.\200\362r\347\32n\377/\276"
 #"\365\16\a\22}\327\204\30\24\340\301\240"
 #"\377I\241\210\r\267\205\202r\355\212e"
 #"\2021\243\257\24\37\213\261w\347n\336"
 #"\271u\26\324\3242~\367\16\376y|\25ES\247\16\rQ8\205\366%\310\266"
 #"\266\362\352\231s\234\273g!\\\272\310"
 #"\327\16\357\347\356\5\363\241\254\254\37\""
 #"\26\343\337\337y\227\203}\311!!\256\362yN\374\214P@\256]\272XP^"
 #"\346tf\30\220\325\241\253\233=;v"
 #"\362\356ms\230\274p\21\257\274\364\22"
 #"\335\213\227\361\213\213\355\234\372\350#\210"
 #"\305\300\320\3010\235\0201\315\376\327\206"
 #"\1\2751:>i\342\325\323\347h_\274\234W^~\231\251\v\27\261i\326\35"
 #"\274\277s7tu;S\253eA(\304O\276\272\234Y\241\20\2\326=T\24"
 #"x\372\232\36\310\211\2775\30\220\317,"
 #"^$\250\250\0\325\235\343m\ez\343\354\336\363!\221\331wP?\177\1?\370"
 #"\316w\362\347\376h\355Z*\267mf\271\245s\323\274\257@(teN\3306"
 #"$\2234\357\371\220\255B\243}\3612"
 #"^Z\267.\377\361\177\274\376:\255\273"
 #"w\261\354\300>\26|\345o\240\244\304"
 #"\2711\332\22\342q\326E\266p(\231"
 #"\202\1\236\310\3\364\213\367\313g\26\336"
 #"\347\214|.l\244\204D\202\35{?"
 #"b\353\234\273\250\277{\376\25\342s\366"
 #"\3435k\250\334\32a\241\221\341\266y\363\240(\344\300K\t\311$M{>\244"
 #"Q\363\321\271x\31k\237{\216\362\\"
 #"\377\256\275\372\372\353\234\332\265\223%\a"
 #"\366q\337\227\347:\341(\24'\341\23\t\236\337\322\310\341"
 #"\324\225\20J\241\370[\2~\371\314=\363\5E!g\304"
) 500
(
 #"rn\217\306\330\361\341^\266\316\272\203"
 #"\206{\26\f*\36`\325\332\265t.^\3066o\200\203\357\177\0\275q\320u"
 #"\210'8\374\376\a4\252^:\356_\312\2525k\256\22\17\360\375\307\37\247a"
 #"\301\275l\2313\227\355{\377\0Q7\34-\v\374~\326,Z\300m\301\0\300"
 #"\272\a\334pR\17\276\370\302\223\232\20"
 #"\en\16\370\344\263\363\347\tJ\212\335"
 #"\220\221`[\20O\260\375\217\373\3306"
 #"g.\365\363\357\31R<@\261\327\313"
 #"\324\2313\331\323\331\305\2053\247\361\265"
 #"\234\244\272\254\214\375\177\334\307No\200"
 #"\316\305\313\370\247\247\236\"\\Q1d"
 #"\37w\314\234\311\311h\224\3\272\211\375"
 #"\361GL\0365\312\231\242%\240\252|\245z<\177n;G\273a\335\373\346\272"
 #"\177\313\252c5u\337\215^\217|a"
 #"\356\235\256x\305]\253\330\220J\263m"
 #"\337>\32o\377\22\365\363\357\341\207\337"
 #"\375\356\220\27\316YY @\370\306\e"
 #"\371(\32\345\374\3513\36447\363\247"
 #"\342R\272\227,\347\357\277\367=\246\214"
 #"\ew\335>\34\210\30\a\f\v\373\343}L\251\252rrQJ\0200\267\274\234"
 #"\375\27/\311S\206y\257Z\252\210g"
 #"\347\225\24\211\273j\252\301\353\1\334\230"
 #"\225 \223}\274Z\323@x\336\335\254"
 #"z\342\211\353^8g\243\212\213\251\236"
 #"2\225\375\275q.\350:\251\273\27\360"
 #"wO<\301M\265\265\303\356\343\216\231"
 #"39\321\325\315!\335`\261\251\203\346"
 #"q\302\332\266PM\213\243\355\355b\177:\203bI\350\323u2\271\273\242e9"
 #"\241#%b\354XR\245e\204\353\353"
 #"9\325\3319\354\213\3L\253\251\341\305"
 #"\347\237\307\267\340>^Z\267\216\351\341"
 #"\360\210\316?\323\323CM8L\262\254"
 #"\f\252\3068\203\352\352\313\230&)\303\300\222n\22\333@,"
 #"\336\v\246\325\17!m()\345W\23k\331\271e\v\237\34"
) 500
(
 #":DKG\307\210D\0\374l\365\352"
 #"\21\237\323\332\321A\323\301\203\354\334\262"
 #"\205_6\204\235)\325\266\35]\246E,\336\213\355~W\1\220R\22\215\3050"
 #"3\31\320\263\240\2737\255\236nP`\343\304Zvn\336\314\221\303\207iio"
 #"\37\261\240\221XKG\a\23755\261}\323&66\324\240h\242\377\346\246g"
 #"13\31\242\261\30\271\351_\3'\301\263\272Aw4\212\337\347C\323TTU"
 #"\303\223J\241J\t\r\rl\fO\340\211\315\233\21B g\314`RU\325u"
 #"\27\236#1\t\264\264\267\363YS\23\357E6\361Z]\r\30YhiA\277"
 #"p\21\30340M\213L6KV7\3625R\36\300\222\222\276d\37\231l\26"
 #"UQP\24\5UU\320z{\2514\f\2304\211\215\325U\374c$\342\320\317"
 #"\230A\345\250Q\24k\32NU\334\177"
 #"\fGl\356\260\201>\313\242\253\253\213\346\246&vF\"\274V;\36\214\f|"
 #"~\222\316\226\26L\323\304\262m,\333"
 #"\3064\r,)\257\6\260m\e\303\264\260%(B\240(\nB\b\204\320\311\34"
 #"?\316\204d\22n\276\231\215\343F\363"
 #"\304\346\b\0\323g\314 ST\204\327\353E(\212[M\26\24\370\205\5\216\314"
 #"\225\361\316kgEm\243\353:\311d\222\346\246&\266G\"\2742n4d\323"
 #"p\344S\316\237k\303\264l\244\224\330"
 #"\266\215-%\226ea\333\366\0\0\351x\300\262m\20\2[\b\24)]\0\201"
 #"e\333\234=}\206\321\261^\202w\336"
 #"\311\253c*\371~\304\201\270e\306\f"
 #"\354`\20\305\255\213\207\353\1\\Q\351"
 #"t\232\243MM4F\"\254\257\252\300gdH\357\333G{w\17\226\355\210\227"
 #"Rb\273\255e\333\216\a\\\2\315q\245\363\205\34\200\20\2\351\266"
 #"\316\341x\350rw7\245\37|@\345\227\277\304\272\342\0\253#\21"
) 500
(
 #"\204\20\314\2343\a-W\350\214\300L"
 #"\323\344\330\247\237\322\30\211\360\263\"?"
 #"\301l\232\236\275{\211\365\365\271\342\31"
 #"\24\300\226\22\347\2470\204\244\304rw"
 #"\n\256\6\20\b\234\317\273\23\t\242\215"
 #"\357\241\e\0065U\343\371`W\210\233\246OG\r\205F\f`\350:\357\357\332"
 #"\305\270\226\23t]<G\334\343\301\266"
 #",G4\375\342\257\0\310\275v\373\270\"\211-\333\231]\a\3\310Y\3064\271"
 #"\330\227\344pY\5\321\31\263x\370\321"
 #"G\t~\1\361\0\376@\200\257\257\\\311\333\266\315\357.]bvG\a\343C"
 #"E\370=\32b(\200\\\b\271}\250\243U\345\331)\36\215\211>/\232\252\202"
 #"\20\371\17\363#\201\343\241\224ap\241"
 #"/\311\301\262\n\342K\227\363\360c\337d\362\r7`Z\326\225;\f\3035!"
 #"\250\250\254\244&\34\246)\235\341\362\371"
 #"\363\24\305\242\370\24\25E\220\27n\273\327\317E\211nY\264dt>7\314B"
 #"\0\17\252[\200\344\1p\367\237\220\244\r\203K\311\24\207\312+I.]\301C"
 #"+\37\243a\322$t]\377B\243\2373\333\266)+/\247:\34\346\323t\226"
 #"\366\v\347)\356\215\341U\25\24w0s\342syjX\26-Y\243\37`\262"
 #"G\245\336\233\3\310y@\346ON\233\26\227Si\16U\214&\265t\5\17\255"
 #"\\I\270\276\36\313\215\327\277\324\244\224"
 #"\224\224\226R]W\307g\251\f\35\347"
 #"\316S\24\357\305\253\270\20R:\253\373\2\17\264\352:'\r+\a\2409\0\242"
 #"\277\30\317\211\317X\26\355\3514\237T"
 #"\216&\275d9\17=\366\30\265uu\316\\\354\212\317\315\377_@y>Y\1"
 #"J\313\312\230P[\313\247\231,\355\27/P\324\e\303\253\b\24\4v~\246\224"
 #"\30\266\305)\335\350\a\230\350\321\250\363hh\212"
 #"\273\277)\235\361\317Z6\35\231,M\25\243\311,"
) 500
(
 #"]\316\203+W\346\305\3775LJIiY\0315uu\34\315di\277p!"
 #"\37N\"\17a\243\3336\247\f\223\26\303B\35\245*\3176h\32a\217\226\317"
 #"\1p\n\262\244ir\270\274\222\364\322"
 #"\25<\260r%\265\341\360\220\342\azA\272w\315t2\211\242\252W\315f\24"
 #"\314$\3!JJK\251\16\2079\232\311\322u\361\"cSI<\212\350\17!"
 #"\333\346\224n\322jZ\250\225\252\362\354"
 #"hUa\202\252\340\25N\314\345E\t"
 #"\301\201\373\26\263\374\341\207\t\327\325]"
 #"Wt\241\210l&C\363\221#\374\356\3157)\n\205(\257\250@\35\244\16\36"
 #"\fFJI0\24\242\274\262\222C\275\275\334\322\3729\2'\244u\313&nY"
 #"\34\327\r\316[6j\211\"\236\355\264l9VUDP\b<B \20(B"
 #"PUR\314\205q\238\227H0n\374x\274^\257\263dp\341\6\327\"\311"
 #"f\263\2348z\224\35\221\b\217\26\207"
 #"x\367\310\247\24\227\225]\e\302=\27)1t\235\356\356n\366\354\336MIg"
 #"\as:.\323\227\325\321-\233\204erF7y/\235\225\31)\205Z\245\212"
 #"\336\270\315\375gLK\216q!4\1\n\2\277Gc\345\264\e8\20\355\345\330"
 #"\245\313\214\257\256\306\353\367\347!\256\360"
 #"D\241\370\346f\266G\"\374\300\3122\273$\310\r}q\336<\331JIyy"
 #"\36\342\252G\a\356\371\206a\20\355\351"
 #"\241q\363f|mgy&\340\241\355\344I\342\331,q\323\344\264a\362\337\251"
 #"4Q[\n\277\20\253\325.\313\376x"
 #"\343s\377\332\233\310A(\212\b\n\320"
 #"\204\300\260L\372\316\237\347\301\311\365\354"
 #"\217\3069~\271\235\t\325\325\370|\276"
 #"~O\24\212\327uN47\323\30\211\360\17\311^F}\326D\333"
 #"gG)\352\350`ZY\to\235n\243\264\0\202B\210\234\370h\224"
) 500
(
 #"\306\315\233\361\266\235e\255O\341\223\35"
 #";hO\364\321k8\342\337N\246\351\266$\1!V\177n\30/\3447\266&"
 #"{\325'\323\266\330P\256\b\371\267A"
 #"\277\230\344\325(\3254\374\252\312\230\342"
 #"\"f\335=\217u\226J\246\256\236\205"
 #"K\227R^Q\201\307\343\311\337\362\263"
 #"\331,'\216\35\2431\22\341\333\211(U\307>\343R<A\3064\361\251\32c"
 #"\213\213\210\3364\235_\26\227\263h\305"
 #"\n\246N\233\206\317\347s\226-\200a\30\304zzh\334\262\5\317\3313\374T"
 #"\2639\264k7\27\23}\364\32\6\247\r\223w\n\304\2374\214\27`\300\326b"
 #"!\304\212\240_L\364j\224\252*~Met(\304\355s\357\3429-\210\36"
 #"\256s *+\321T\25\3030\370\374\370q\0327m\342[\261.*\217\35\345"
 #"r\"A\3324\235\235\20\1~McL(D\317M\323\371u\331(\26-_"
 #"\316\324i\323\360z\275X\226E4\32\345\275-[\360\2349\305Om\235\375{"
 #"\367r9\321G\257\e6\3773\210\370\253\0\n!\312r\20\36\215\22M\305\257"
 #"*\214\16\205\270s\306\f\236+\251$[W\317\302%K(.)\341\324\311\223"
 #"l\337\264\211ot^\242\352x3\35"
 #"\311\24Y\313\314\355\316\270I\17~\325"
 #"\31\210\356\2517\362\346\230q,\\\276"
 #"\202IS\246\220L&\331\261u+\312"
 #"\251V\376%\326\311\307G\216\320\236L\322k\230\2341L~\237\312\f*~P"
 #"\200\201\20\313\203~\321\340Q)UU|\252\312\250`\200\ejk\371\317\372)"
 #"\350u\365\334|\353\255\354\334\266\215\25"
 #"g[\251=\335Jg*E\326\264\6\235\343\1|\252\312\350`\200\266\352Z\""
 #"\23\247r\317\222%\374\271\271\31\321\332\302\17\333Zi>}\232\216"
 #"d\212\270\331/\276g\b\361C\2\f\204X\26\364\211\6\217F\211\252"
) 394
(
 #"\342S\24*\3\1\246TO\34077\336\302\347\226\315\243\335\355T\36;Jg"
 #"*M\326\32Z\274\343\17\201OU\250"
 #"\364\373\351\2364\205\267'\204iP\25"
 #"\36?q\224\23m\347\350L\245\210[\26g\r\223w\257#\376\232\0\3!\226"
 #"\6}\242\336\243Q\242(\370T\205\n"
 #"\177\200[kk\250\230:\205\246\275\177"
 #"\340B\"A\326\272\336\22C\272\b\2"
 #"\257\2420\256\270\210Yw\336I\317\351\323\34i;GG:E\302\264h3-"
 #"\3767\231\241\307\276\266\370\353\2\f\204X\34p \212U\5\257\20xU\25E"
 #"\b\314\2022\357zUq\341=W\21\2MQ\335E\243I\237e\323fZl"
 #"\32\246\370a\1\f\204\270?\340\23u\36\225bEA\25\"\377\210G\24<\340"
 #"\276\346#\262\34\206\354\177\317\224\222\224-9gZlN\r_\374\260\1\n!"
 #"J\25!\27\5|\"\254\251\204\24\201\352\356D\24<h\275\246\311\1\255%%"
 #"i)9oZlIe\211\216@\374\210\0\6B\334\355\367\212\261\252\202O\b"
 #"\224A\36\17_\347\177=\362\325\236\16tY6;\323#\27?b\0\27bU"
 #"\332\26\353C\212\220cUE8\e\362"
 #"\203\217\373`\353\235B\223H\f\240\335"
 #"\262\351\263%\1E>uR\267\376z\377\354\221\263\251^u\225.\305\372a>"
 #"\326\276\256\331\200W\310\247N\214P<\300\377\1\2253"
 #"\232\3234\231n\200\0\0\0\0IEND\256B`\202"
) 0 0 24 3 1 #" "
0 0 14 3 8 #"maximum:"
0 0 24 3 1 #" "
0 0 14 3 9 #"undefined"
0 0 17 3 1 #";"
0 0 24 29 1 #"\n"
0 0 24 3 1 #" "
0 0 14 3 6 #"cannot"
0 0 24 3 1 #" "
0 0 14 3 9 #"reference"
0 0 24 3 1 #" "
0 0 14 3 9 #"undefined"
0 0 24 3 1 #" "
0 0 14 3 10 #"identifier"
0 0 24 29 1 #"\n"
0 0 14 3 1 #">"
0 0 24 3 2 #" ("
0 0 14 3 3 #"map"
0 0 24 3 1 #" "
0 0 14 3 4 #"list"
0 0 24 3 1 #" "
0 0 21 3 1 #"'"
0 0 24 3 1 #"("
0 0 21 3 1 #"1"
0 0 24 3 1 #" "
0 0 21 3 1 #"2"
0 0 24 3 1 #" "
0 0 21 3 1 #"3"
0 0 24 3 1 #" "
0 0 21 3 1 #"4"
0 0 24 3 2 #"))"
0 0 24 29 1 #"\n"
0 0 24 3 2 #"(("
0 0 21 3 1 #"1"
0 0 24 3 3 #") ("
0 0 21 3 1 #"2"
0 0 24 3 3 #") ("
0 0 21 3 1 #"3"
0 0 24 3 3 #") ("
0 0 21 3 1 #"4"
0 0 24 3 2 #"))"
0 0 24 29 1 #"\n"
0 0 14 3 1 #">"
0 0 24 3 2 #" ("
0 0 14 3 4 #"list"
0 0 24 3 1 #" "
0 0 21 3 1 #"'"
0 0 24 3 1 #"("
0 0 21 3 1 #"1"
0 0 24 3 1 #" "
0 0 21 3 1 #"2"
0 0 24 3 1 #" "
0 0 21 3 1 #"3"
0 0 24 3 1 #" "
0 0 21 3 1 #"4"
0 0 24 3 2 #"))"
0 0 24 29 1 #"\n"
0 0 24 3 2 #"(("
0 0 21 3 1 #"1"
0 0 24 3 1 #" "
0 0 21 3 1 #"2"
0 0 24 3 1 #" "
0 0 21 3 1 #"3"
0 0 24 3 1 #" "
0 0 21 3 1 #"4"
0 0 24 3 2 #"))"
0 0 24 29 1 #"\n"
0 0 14 3 1 #">"
0 0 24 3 2 #" ("
0 0 14 3 5 #"apply"
0 0 24 3 1 #" "
0 0 14 3 4 #"list"
0 0 24 3 1 #" "
0 0 21 3 1 #"'"
0 0 24 3 1 #"("
0 0 21 3 1 #"1"
0 0 24 3 1 #" "
0 0 21 3 1 #"2"
0 0 24 3 1 #" "
0 0 21 3 1 #"3"
0 0 24 3 1 #" "
0 0 21 3 1 #"4"
0 0 24 3 2 #"))"
0 0 24 29 1 #"\n"
0 0 24 3 1 #"("
0 0 21 3 1 #"1"
0 0 24 3 1 #" "
0 0 21 3 1 #"2"
0 0 24 3 1 #" "
0 0 21 3 1 #"3"
0 0 24 3 1 #" "
0 0 21 3 1 #"4"
0 0 24 3 1 #")"
0 0 24 29 1 #"\n"
0 0 14 3 1 #">"
0 0 24 3 1 #" "
0 0 21 3 1 #"'"
0 0 14 3 1 #"a"
0 0 24 29 1 #"\n"
0 0 14 3 1 #"a"
0 0 24 29 1 #"\n"
0 0 14 3 1 #">"
0 0 24 3 2 #" ("
0 0 15 3 6 #"define"
0 0 24 3 1 #" "
0 0 14 3 1 #"a"
0 0 24 3 1 #" "
0 0 21 3 1 #"2"
0 0 24 3 1 #")"
0 0 24 29 1 #"\n"
0 0 14 3 1 #">"
0 0 24 3 2 #" ("
0 0 14 3 4 #"list"
0 0 24 3 1 #" "
0 0 21 3 1 #"'"
0 0 14 3 1 #"+"
0 0 24 3 1 #" "
0 0 21 3 1 #"5"
0 0 24 3 1 #" "
0 0 21 3 1 #"7"
0 0 24 3 1 #" "
0 0 14 3 1 #"a"
0 0 24 3 1 #")"
0 0 24 29 1 #"\n"
0 0 24 3 1 #"("
0 0 14 3 1 #"+"
0 0 24 3 1 #" "
0 0 21 3 1 #"5"
0 0 24 3 1 #" "
0 0 21 3 1 #"7"
0 0 24 3 1 #" "
0 0 21 3 1 #"2"
0 0 24 3 1 #")"
0 0 24 29 1 #"\n"
0 0 14 3 1 #">"
0 0 24 3 2 #" ("
0 0 14 3 4 #"list"
0 0 24 3 1 #" "
0 0 21 3 1 #"'"
0 0 15 3 6 #"define"
0 0 24 3 1 #" "
0 0 21 3 1 #"'"
0 0 14 3 1 #"b"
0 0 24 3 1 #" "
0 0 21 3 1 #"5"
0 0 24 3 1 #")"
0 0 24 29 1 #"\n"
0 0 24 3 1 #"("
0 0 15 3 6 #"define"
0 0 24 3 1 #" "
0 0 14 3 1 #"b"
0 0 24 3 1 #" "
0 0 21 3 1 #"5"
0 0 24 3 1 #")"
0 0 24 29 1 #"\n"
0 0 14 3 1 #">"
0 0 24 3 2 #" ("
0 0 14 3 4 #"eval"
0 0 24 3 2 #" ("
0 0 15 3 6 #"define"
0 0 24 3 1 #" "
0 0 21 3 1 #"'"
0 0 14 3 1 #"b"
0 0 24 3 1 #" "
0 0 21 3 1 #"5"
0 0 24 3 2 #"))"
0 0 24 29 1 #"\n"
0 2          28 4 1 #"\0"
4 -1.0 -1.0 0.0 0.0 0           8 2.0 500
(
 #"\211PNG\r\n\32\n\0\0\0\rIHDR\0\0\0000\0\0\0000\b"
 #"\6\0\0\0W\2\371\207\0\0\16\375IDATh\201\265\232yp\34\325\235"
 #"\307?\257\273\347\326-\333\362!i$"
 #"\371\2\203\301\370\340p\2621\306`\343"
 #"s\23\216\20L\376\330\204\335d\331\315"
 #"\201\251J\202\355\260\305\246X\314\22\260"
 #"\213b\263\246R\241\222*\330TX\330"
 #"\260\345\361%|\200q\210\211/d\260\354\30K>\344S\347\214f4W_o"
 #"\377\350\236\321X\226l\211l~\252\326"
 #"\e\315L\277\376~\336\357\367{\375~"
 #"\257%\244\224\214\324\36)\362\257\n*"
 #"\352\372\240\246\241\252\n \20\3\2774"
 #"\360\r9\330\237\22\333\226$\r\203\224m=\365V_f\303H\265\210\221\2<"
 #"P\344_\245!\326\317.-\226?\376\306#\202\2521\340\361\200P@\21\216r"
 #"AA\233S+\373[[\202\264\3014"
 #"\241\247\207\237\277\361_\34\210%0\261"
 #"\237\372\375\b!F\4\360`\221\377I\5\261\341\366\322b\371\243o\177K0e"
 #"\22\4\202\240( \204{\270\342\v\232"
 #"\376\321w!\244t\16\333\206l\26\332"
 #"\332\330\360\213\327\330\27\213c#W\277"
 #"\323\227~\341\377\35 '~vI\221\374\3117\37\23\204k\300\353sD\303\325"
 #"\355P\226\273^ak\232p\3712\353\177\365k\366\365\306\2210l\210a\1\344"
 #"\304\317*.\222O\257|D0a\202\0236\371^\206)~(\b\0\313\202\316"
 #"N^\376\315\e|<\2\210\353\2\364"
 #"\213\17\311\247\277\376\260`\3748\320\264"
 #"!\204\213\253\223\367*\361\371_W\203"
 #"\3306tu\361\322\e\277\345O\361\304\260 \256\t\220\23?\263($W?\364"
 #"\200`lU\277\370\234\353\1\24\25"
 #"4\325\311\205\341\230\244?\211-\313\31\0\325=\337\266"
 #"\241\273\207\237\377\366-\366'\256\0171$@N\374mE"
) 500
(
 #"A\271\346k_uf\eUu>\264m\210F\371d\347.\342\231\f\363f\317"
 #"\206p\30\212\213\335\204\276\206p\334\344"
 #"\355\353\203\263m\3549p\200b\237\217"
 #"\231\367.\200\362r\347\32n\377/\276"
 #"\365\16\a\22}\327\204\30\24\340\301\240"
 #"\377I\241\210\r\267\205\202r\355\212e"
 #"\2021\243\257\24\37\213\261w\347n\336"
 #"\271u\26\324\3242~\367\16\376y|\25ES\247\16\rQ8\205\366%\310\266"
 #"\266\362\352\231s\234\273g!\\\272\310"
 #"\327\16\357\347\356\5\363\241\254\254\37\""
 #"\26\343\337\337y\227\203}\311!!\256\362yN\374\214P@\256]\272XP^"
 #"\346tf\30\220\325\241\253\233=;v"
 #"\362\356ms\230\274p\21\257\274\364\22"
 #"\335\213\227\361\213\213\355\234\372\350#\210"
 #"\305\300\320\3010\235\0201\315\376\327\206"
 #"\1\2751:>i\342\325\323\347h_\274\234W^~\231\251\v\27\261i\326\35"
 #"\274\277s7tu;S\253eA(\304O\276\272\234Y\241\20\2\326=T\24"
 #"x\372\232\36\310\211\2775\30\220\317,"
 #"^$\250\250\0\325\235\343m\ez\343\354\336\363!\221\331wP?\177\1?\370"
 #"\316w\362\347\376h\355Z*\267mf\271\245s\323\274\257@(teN\3306"
 #"$\2234\357\371\220\255B\243}\3612"
 #"^Z\267.\377\361\177\274\376:\255\273"
 #"w\261\354\300>\26|\345o\240\244\304"
 #"\2711\332\22\342q\326E\266p(\231"
 #"\202\1\236\310\3\364\213\367\313g\26\336"
 #"\347\214|.l\244\204D\202\35{?"
 #"b\353\234\273\250\277{\376\25\342s\366"
 #"\3435k\250\334\32a\241\221\341\266y\363\240(\344\300K\t\311$M{>\244"
 #"Q\363\321\271x\31k\237{\216\362\\"
 #"\377\256\275\372\372\353\234\332\265\223%\a"
 #"\366q\337\227\347:\341(\24'\341\23\t\236\337\322\310\341"
 #"\324\225\20J\241\370[\2~\371\314=\363\5E!g\304"
) 500
(
 #"rn\217\306\330\361\341^\266\316\272\203"
 #"\206{\26\f*\36`\325\332\265t.^\3066o\200\203\357\177\0\275q\320u"
 #"\210'8\374\376\a4\252^:\356_\312\2525k\256\22\17\360\375\307\37\247a"
 #"\301\275l\2313\227\355{\377\0Q7\34-\v\374~\326,Z\300m\301\0\300"
 #"\272\a\334pR\17\276\370\302\223\232\20"
 #"\en\16\370\344\263\363\347\tJ\212\335"
 #"\220\221`[\20O\260\375\217\373\3306"
 #"g.\365\363\357\31R<@\261\327\313"
 #"\324\2313\331\323\331\305\2053\247\361\265"
 #"\234\244\272\254\214\375\177\334\307No\200"
 #"\316\305\313\370\247\247\236\"\\Q1d"
 #"\37w\314\234\311\311h\224\3\272\211\375"
 #"\361GL\0365\312\231\242%\240\252|\245z<\177n;G\273a\335\373\346\272"
 #"\177\313\252c5u\337\215^\217|a"
 #"\356\235\256x\305]\253\330\220J\263m"
 #"\337>\32o\377\22\365\363\357\341\207\337"
 #"\375\356\220\27\316YY @\370\306\e"
 #"\371(\32\345\374\3513\36447\363\247"
 #"\342R\272\227,\347\357\277\367=\246\214"
 #"\ew\335>\34\210\30\a\f\v\373\343}L\251\252rrQJ\0200\267\274\234"
 #"\375\27/\311S\206y\257Z\252\210g"
 #"\347\225\24\211\273j\252\301\353\1\334\230"
 #"\225 \223}\274Z\323@x\336\335\254"
 #"z\342\211\353^8g\243\212\213\251\236"
 #"2\225\375\275q.\350:\251\273\27\360"
 #"wO<\301M\265\265\303\356\343\216\231"
 #"39\321\325\315!\335`\261\251\203\346"
 #"q\302\332\266PM\213\243\355\355b\177:\203bI\350\323u2\271\273\242e9"
 #"\241#%b\354XR\245e\204\353\353"
 #"9\325\3319\354\213\3L\253\251\341\305"
 #"\347\237\307\267\340>^Z\267\216\351\341"
 #"\360\210\316?\323\323CM8L\262\254"
 #"\f\252\3068\203\352\352\313\230&)\303\300\222n\22\333@,"
 #"\336\v\246\325\17!m()\345W\23k\331\271e\v\237\34"
) 500
(
 #":DKG\307\210D\0\374l\365\352"
 #"\21\237\323\332\321A\323\301\203\354\334\262"
 #"\205_6\204\235)\325\266\35]\246E,\336\213\355~W\1\220R\22\215\3050"
 #"3\31\320\263\240\2737\255\236nP`\343\304Zvn\336\314\221\303\207iio"
 #"\37\261\240\221XKG\a\23755\261}\323&66\324\240h\242\377\346\246g"
 #"13\31\242\261\30\271\351_\3'\301\263\272Aw4\212\337\347C\323TTU"
 #"\303\223J\241J\t\r\rl\fO\340\211\315\233\21B g\314`RU\325u"
 #"\27\236#1\t\264\264\267\363YS\23\357E6\361Z]\r\30YhiA\277"
 #"p\21\30340M\213L6KV7\3625R\36\300\222\222\276d\37\231l\26"
 #"UQP\24\5UU\320z{\2514\f\2304\211\215\325U\374c$\342\320\317"
 #"\230A\345\250Q\24k\32NU\334\177"
 #"\fGl\356\260\201>\313\242\253\253\213\346\246&vF\"\274V;\36\214\f|"
 #"~\222\316\226\26L\323\304\262m,\333"
 #"\3064\r,)\257\6\260m\e\303\264\260%(B\240(\nB\b\204\320\311\34"
 #"?\316\204d\22n\276\231\215\343F\363"
 #"\304\346\b\0\323g\314 ST\204\327\353E(\212[M\26\24\370\205\5\216\314"
 #"\225\361\316kgEm\243\353:\311d\222\346\246&\266G\"\2742n4d\323"
 #"p\344S\316\237k\303\264l\244\224\330"
 #"\266\215-%\226ea\333\366\0\0\351x\300\262m\20\2[\b\24)]\0\201"
 #"e\333\234=}\206\321\261^\202w\336"
 #"\311\253c*\371~\304\201\270e\306\f"
 #"\354`\20\305\255\213\207\353\1\\Q\351"
 #"t\232\243MM4F\"\254\257\252\300gdH\357\333G{w\17\226\355\210\227"
 #"Rb\273\255e\333\216\a\\\2\315q\245\363\205\34\200\20\2\351\266"
 #"\316\341x\350rw7\245\37|@\345\227\277\304\272\342\0\253#\21"
) 500
(
 #"\204\20\314\2343\a-W\350\214\300L"
 #"\323\344\330\247\237\322\30\211\360\263\"?"
 #"\301l\232\236\275{\211\365\365\271\342\31"
 #"\24\300\226\22\347\2470\204\244\304rw"
 #"\n\256\6\20\b\234\317\273\23\t\242\215"
 #"\357\241\e\0065U\343\371`W\210\233\246OG\r\205F\f`\350:\357\357\332"
 #"\305\270\226\23t]<G\334\343\301\266"
 #",G4\375\342\257\0\310\275v\373\270\"\211-\333\231]\a\3\310Y\3064\271"
 #"\330\227\344pY\5\321\31\263x\370\321"
 #"G\t~\1\361\0\376@\200\257\257\\\311\333\266\315\357.]bvG\a\343C"
 #"E\370=\32b(\200\\\b\271}\250\243U\345\331)\36\215\211>/\232\252\202"
 #"\20\371\17\363#\201\343\241\224ap\241"
 #"/\311\301\262\n\342K\227\363\360c\337d\362\r7`Z\326\225;\f\3035!"
 #"\250\250\254\244&\34\246)\235\341\362\371"
 #"\363\24\305\242\370\24\25E\220\27n\273\327\317E\211nY\264dt>7\314B"
 #"\0\17\252[\200\344\1p\367\237\220\244\r\203K\311\24\207\312+I.]\301C"
 #"+\37\243a\322$t]\377B\243\2373\333\266)+/\247:\34\346\323t\226"
 #"\366\v\347)\356\215\341U\25\24w0s\342syjX\26-Y\243\37`\262"
 #"G\245\336\233\3\310y@\346ON\233\26\227Si\16U\214&\265t\5\17\255"
 #"\\I\270\276\36\313\215\327\277\324\244\224"
 #"\224\224\226R]W\307g\251\f\35\347"
 #"\316S\24\357\305\253\270\20R:\253\373\2\17\264\352:'\r+\a\2409\0\242"
 #"\277\30\317\211\317X\26\355\3514\237T"
 #"\216&\275d9\17=\366\30\265uu\316\\\354\212\317\315\377_@y>Y\1"
 #"J\313\312\230P[\313\247\231,\355\27/P\324\e\303\253\b\24\4v~\246\224"
 #"\30\266\305)\335\350\a\230\350\321\250\363hh\212"
 #"\273\277)\235\361\317Z6\35\231,M\25\243\311,"
) 500
(
 #"]\316\203+W\346\305\3775LJIiY\0315uu\34\315di\277p!"
 #"\37N\"\17a\243\3336\247\f\223\26\303B\35\245*\3176h\32a\217\226\317"
 #"\1p\n\262\244ir\270\274\222\364\322"
 #"\25<\260r%\265\341\360\220\342\azA\272w\315t2\211\242\252W\315f\24"
 #"\314$\3!JJK\251\16\2079\232\311\322u\361\"cSI<\212\350\17!"
 #"\333\346\224n\322jZ\250\225\252\362\354"
 #"hUa\202\252\340\25N\314\345E\t"
 #"\301\201\373\26\263\374\341\207\t\327\325]"
 #"Wt\241\210l&C\363\221#\374\356\3157)\n\205(\257\250@\35\244\16\36"
 #"\fFJI0\24\242\274\262\222C\275\275\334\322\3729\2'\244u\313&nY"
 #"\34\327\r\316[6j\211\"\236\355\264l9VUDP\b<B \20(B"
 #"PUR\314\205q\238\227H0n\374x\274^\257\263dp\341\6\327\"\311"
 #"f\263\2348z\224\35\221\b\217\26\207"
 #"x\367\310\247\24\227\225]\e\302=\27)1t\235\356\356n\366\354\336MIg"
 #"\as:.\323\227\325\321-\233\204erF7y/\235\225\31)\205Z\245\212"
 #"\336\270\315\375gLK\216q!4\1\n\2\277Gc\345\264\e8\20\355\345\330"
 #"\245\313\214\257\256\306\353\367\347!\256\360"
 #"D\241\370\346f\266G\"\374\300\3122\273$\310\r}q\336<\331JIyy"
 #"\36\342\252G\a\356\371\206a\20\355\351"
 #"\241q\363f|mgy&\340\241\355\344I\342\331,q\323\344\264a\362\337\251"
 #"4Q[\n\277\20\253\325.\313\376x"
 #"\343s\377\332\233\310A(\212\b\n\320"
 #"\204\300\260L\372\316\237\347\301\311\365\354"
 #"\217\3069~\271\235\t\325\325\370|\276"
 #"~O\24\212\327uN47\323\30\211\360\17\311^F}\326D\333"
 #"gG)\352\350`ZY\to\235n\243\264\0\202B\210\234\370h\224"
) 500
(
 #"\306\315\233\361\266\235e\255O\341\223\35"
 #";hO\364\321k8\342\337N\246\351\266$\1!V\177n\30/\3447\266&"
 #"{\325'\323\266\330P\256\b\371\267A"
 #"\277\230\344\325(\3254\374\252\312\230\342"
 #"\"f\335=\217u\226J\246\256\236\205"
 #"K\227R^Q\201\307\343\311\337\362\263"
 #"\331,'\216\35\2431\22\341\333\211(U\307>\343R<A\3064\361\251\32c"
 #"\213\213\210\3364\235_\26\227\263h\305"
 #"\n\246N\233\206\317\347s\226-\200a\30\304zzh\334\262\5\317\3313\374T"
 #"\2639\264k7\27\23}\364\32\6\247\r\223w\n\304\2374\214\27`\300\326b"
 #"!\304\212\240_L\364j\224\252*~Met(\304\355s\357\3429-\210\36"
 #"\256s *+\321T\25\3030\370\374\370q\0327m\342[\261.*\217\35\345"
 #"r\"A\3324\235\235\20\1~McL(D\317M\323\371u\331(\26-_"
 #"\316\324i\323\360z\275X\226E4\32\345\275-[\360\2349\305Om\235\375{"
 #"\367r9\321G\257\e6\3773\210\370\253\0\n!\312r\20\36\215\22M\305\257"
 #"*\214\16\205\270s\306\f\236+\251$[W\317\302%K(.)\341\324\311\223"
 #"l\337\264\211ot^\242\352x3\35"
 #"\311\24Y\313\314\355\316\270I\17~\325"
 #"\31\210\356\2517\362\346\230q,\\\276"
 #"\202IS\246\220L&\331\261u+\312"
 #"\251V\376%\326\311\307G\216\320\236L\322k\230\2341L~\237\312\f*~P"
 #"\200\201\20\313\203~\321\340Q)UU|\252\312\250`\200\ejk\371\317\372)"
 #"\350u\365\334|\353\255\354\334\266\215\25"
 #"g[\251=\335Jg*E\326\264\6\235\343\1|\252\312\350`\200\266\352Z\""
 #"\23\247r\317\222%\374\271\271\31\321\332\302\17\333Zi>}\232\216"
 #"d\212\270\331/\276g\b\361C\2\f\204X\26\364\211\6\217F\211\252"
) 394
(
 #"\342S\24*\3\1\246TO\34077\336\302\347\226\315\243\335\355T\36;Jg"
 #"*M\326\32Z\274\343\17\201OU\250"
 #"\364\373\351\2364\205\267'\204iP\25"
 #"\36?q\224\23m\347\350L\245\210[\26g\r\223w\257#\376\232\0\3!\226"
 #"\6}\242\336\243Q\242(\370T\205\n"
 #"\177\200[kk\250\230:\205\246\275\177"
 #"\340B\"A\326\272\336\22C\272\b\2"
 #"\257\2420\256\270\210Yw\336I\317\351\323\34i;GG:E\302\264h3-"
 #"\3767\231\241\307\276\266\370\353\2\f\204X\34p \212U\5\257\20xU\25E"
 #"\b\314\2022\357zUq\341=W\21\2MQ\335E\243I\237e\323fZl"
 #"\32\246\370a\1\f\204\270?\340\23u\36\225bEA\25\"\377\210G\24<\340"
 #"\276\346#\262\34\206\354\177\317\224\222\224-9gZlN\r_\374\260\1\n!"
 #"J\25!\27\5|\"\254\251\204\24\201\352\356D\24<h\275\246\311\1\255%%"
 #"i)9oZlIe\211\216@\374\210\0\6B\334\355\367\212\261\252\202O\b"
 #"\224A\36\17_\347\177=\362\325\236\16tY6;\323#\27?b\0\27bU"
 #"\332\26\353C\212\220cUE8\e\362"
 #"\203\217\373`\353\235B\223H\f\240\335"
 #"\262\351\263%\1E>uR\267\376z\377\354\221\263\251^u\225.\305\372a>"
 #"\326\276\256\331\200W\310\247N\214P<\300\377\1\2253"
 #"\232\3234\231n\200\0\0\0\0IEND\256B`\202"
) 0 0 24 3 1 #" "
0 0 15 3 7 #"define:"
0 0 24 3 1 #" "
0 0 14 3 3 #"not"
0 0 24 3 1 #" "
0 0 14 3 7 #"allowed"
0 0 24 3 1 #" "
0 0 14 3 2 #"in"
0 0 24 3 1 #" "
0 0 14 3 2 #"an"
0 0 24 3 1 #" "
0 0 14 3 10 #"expression"
0 0 24 3 1 #" "
0 0 14 3 7 #"context"
0 0 24 3 1 #" "
0 0 14 3 3 #"in:"
0 0 24 3 2 #" ("
0 0 15 3 6 #"define"
0 0 24 3 2 #" ("
0 0 14 3 5 #"quote"
0 0 24 3 1 #" "
0 0 14 3 1 #"b"
0 0 24 3 2 #") "
0 0 21 3 1 #"5"
0 0 24 3 1 #")"
0 0 24 29 1 #"\n"
0 0 14 3 1 #">"
0 0 24 3 2 #" ("
0 0 14 3 4 #"eval"
0 0 24 3 2 #" ("
0 0 14 3 4 #"list"
0 0 24 3 1 #" "
0 0 21 3 1 #"'"
0 0 15 3 6 #"define"
0 0 24 3 1 #" "
0 0 21 3 1 #"'"
0 0 14 3 1 #"b"
0 0 24 3 1 #" "
0 0 21 3 1 #"5"
0 0 24 3 2 #"))"
0 0 24 29 1 #"\n"
0 0 14 3 1 #">"
0 0 24 3 1 #" "
0 0 14 3 1 #"b"
0 0 24 29 1 #"\n"
0 0 21 3 1 #"5"
0 0 24 29 1 #"\n"
0 0 14 3 1 #">"
0 0 24 3 2 #" ("
0 0 14 3 4 #"eval"
0 0 24 3 2 #" ("
0 0 14 3 4 #"list"
0 0 24 3 1 #" "
0 0 21 3 1 #"'"
0 0 14 3 2 #"if"
0 0 24 3 2 #" ("
0 0 14 3 4 #"list"
0 0 24 3 1 #" "
0 0 21 3 1 #"'"
0 0 14 3 1 #"<"
0 0 24 3 1 #" "
0 0 21 3 1 #"2"
0 0 24 3 1 #" "
0 0 21 3 1 #"5"
0 0 24 3 3 #") ("
0 0 14 3 4 #"list"
0 0 24 3 1 #" "
0 0 21 3 1 #"'"
0 0 14 3 5 #"quote"
0 0 24 3 1 #" "
0 0 21 3 1 #"'"
0 0 14 3 1 #"a"
0 0 24 3 2 #") "
0 0 21 3 1 #"'"
0 0 14 3 1 #"b"
0 0 24 3 2 #"))"
0 0 24 29 1 #"\n"
0 0 14 3 1 #"a"
0 0 24 29 1 #"\n"
0 0 14 3 1 #">"
0 0 24 3 1 #" "
0           0
